0 info it worked if it ends with ok
1 verbose cli [ '/usr/local/Cellar/node/6.2.0/bin/node',
1 verbose cli   '/usr/local/bin/npm',
1 verbose cli   'run',
1 verbose cli   'deploy' ]
2 info using npm@3.8.9
3 info using node@v6.2.0
4 verbose run-script [ 'predeploy', 'deploy', 'postdeploy' ]
5 info lifecycle wedding.thelauries.com@1.0.0~predeploy: wedding.thelauries.com@1.0.0
6 silly lifecycle wedding.thelauries.com@1.0.0~predeploy: no script for predeploy, continuing
7 info lifecycle wedding.thelauries.com@1.0.0~deploy: wedding.thelauries.com@1.0.0
8 verbose lifecycle wedding.thelauries.com@1.0.0~deploy: unsafe-perm in lifecycle true
9 verbose lifecycle wedding.thelauries.com@1.0.0~deploy: PATH: /usr/local/lib/node_modules/npm/bin/node-gyp-bin:/Users/evan/Developer/htdocs/wedding.thelauries.com/node_modules/.bin:/usr/local/Cellar/node/6.2.0/bin:/usr/local/bin:/usr/bin:/bin:/usr/sbin:/sbin:/opt/X11/bin
10 verbose lifecycle wedding.thelauries.com@1.0.0~deploy: CWD: /Users/evan/Developer/htdocs/wedding.thelauries.com
11 silly lifecycle wedding.thelauries.com@1.0.0~deploy: Args: [ '-c', './scripts/deploy.sh' ]
12 info lifecycle wedding.thelauries.com@1.0.0~deploy: Failed to exec deploy script
13 verbose stack Error: wedding.thelauries.com@1.0.0 deploy: `./scripts/deploy.sh`
13 verbose stack spawn ENOENT
13 verbose stack     at ChildProcess.<anonymous> (/usr/local/lib/node_modules/npm/lib/utils/spawn.js:17:16)
13 verbose stack     at emitTwo (events.js:106:13)
13 verbose stack     at ChildProcess.emit (events.js:191:7)
13 verbose stack     at maybeClose (internal/child_process.js:850:16)
13 verbose stack     at Process.ChildProcess._handle.onexit (internal/child_process.js:215:5)
14 verbose pkgid wedding.thelauries.com@1.0.0
15 verbose cwd /Users/evan/Developer/htdocs/wedding.thelauries.com
16 error Darwin 16.1.0
17 error argv "/usr/local/Cellar/node/6.2.0/bin/node" "/usr/local/bin/npm" "run" "deploy"
18 error node v6.2.0
19 error npm  v3.8.9
20 error file sh
21 error code ELIFECYCLE
22 error errno ENOENT
23 error syscall spawn
24 error wedding.thelauries.com@1.0.0 deploy: `./scripts/deploy.sh`
24 error spawn ENOENT
25 error Failed at the wedding.thelauries.com@1.0.0 deploy script './scripts/deploy.sh'.
25 error Make sure you have the latest version of node.js and npm installed.
25 error If you do, this is most likely a problem with the wedding.thelauries.com package,
25 error not with npm itself.
25 error Tell the author that this fails on your system:
25 error     ./scripts/deploy.sh
25 error You can get information on how to open an issue for this project with:
25 error     npm bugs wedding.thelauries.com
25 error Or if that isn't available, you can get their info via:
25 error     npm owner ls wedding.thelauries.com
25 error There is likely additional logging output above.
26 verbose exit [ 1, true ]
